This is pdfTeX, Version 3.141592653-2.6-1.40.25 (TeX Live 2023) (preloaded format=pdflatex 2023.5.11)  20 DEC 2023 19:10
entering extended mode
 \write18 enabled.
 file:line:error style messages enabled.
 %&-line parsing enabled.
**/Users/alexalex/Desktop/tex/webKRteor2/main.tex
(/Users/alexalex/Desktop/tex/webKRteor2/main.tex
LaTeX2e <2022-11-01> patch level 1
L3 programming layer <2023-05-05> (/usr/local/texlive/2023/texmf-dist/tex/latex/base/article.cls
Document Class: article 2022/07/02 v1.4n Standard LaTeX document class
(/usr/local/texlive/2023/texmf-dist/tex/latex/base/size10.clo
File: size10.clo 2022/07/02 v1.4n Standard LaTeX file (size option)
)
\c@part=\count185
\c@section=\count186
\c@subsection=\count187
\c@subsubsection=\count188
\c@paragraph=\count189
\c@subparagraph=\count190
\c@figure=\count191
\c@table=\count192
\abovecaptionskip=\skip48
\belowcaptionskip=\skip49
\bibindent=\dimen140
) (/usr/local/texlive/2023/texmf-dist/tex/latex/base/inputenc.sty
Package: inputenc 2021/02/14 v1.3d Input encoding file
\inpenc@prehook=\toks16
\inpenc@posthook=\toks17
) (/usr/local/texlive/2023/texmf-dist/tex/latex/base/fontenc.sty
Package: fontenc 2021/04/29 v2.0v Standard LaTeX package
 (/usr/local/texlive/2023/texmf-dist/tex/latex/cyrillic/t2aenc.def
File: t2aenc.def 2022/06/11 v1.0j Cyrillic encoding definition file
Now handling font encoding T2A ...
... processing UTF-8 mapping file for font encoding T2A
 (/usr/local/texlive/2023/texmf-dist/tex/latex/base/t2aenc.dfu
File: t2aenc.dfu 2022/06/07 v1.3c UTF-8 support
   defining Unicode char U+00A4 (decimal 164)
   defining Unicode char U+00A7 (decimal 167)
   defining Unicode char U+00AB (decimal 171)
   defining Unicode char U+00BB (decimal 187)
   defining Unicode char U+0131 (decimal 305)
   defining Unicode char U+0237 (decimal 567)
   defining Unicode char U+0400 (decimal 1024)
   defining Unicode char U+0401 (decimal 1025)
   defining Unicode char U+0402 (decimal 1026)
   defining Unicode char U+0403 (decimal 1027)
   defining Unicode char U+0404 (decimal 1028)
   defining Unicode char U+0405 (decimal 1029)
   defining Unicode char U+0406 (decimal 1030)
   defining Unicode char U+0407 (decimal 1031)
   defining Unicode char U+0408 (decimal 1032)
   defining Unicode char U+0409 (decimal 1033)
   defining Unicode char U+040A (decimal 1034)
   defining Unicode char U+040B (decimal 1035)
   defining Unicode char U+040C (decimal 1036)
   defining Unicode char U+040D (decimal 1037)
   defining Unicode char U+040E (decimal 1038)
   defining Unicode char U+040F (decimal 1039)
   defining Unicode char U+0410 (decimal 1040)
   defining Unicode char U+0411 (decimal 1041)
   defining Unicode char U+0412 (decimal 1042)
   defining Unicode char U+0413 (decimal 1043)
   defining Unicode char U+0414 (decimal 1044)
   defining Unicode char U+0415 (decimal 1045)
   defining Unicode char U+0416 (decimal 1046)
   defining Unicode char U+0417 (decimal 1047)
   defining Unicode char U+0418 (decimal 1048)
   defining Unicode char U+0419 (decimal 1049)
   defining Unicode char U+041A (decimal 1050)
   defining Unicode char U+041B (decimal 1051)
   defining Unicode char U+041C (decimal 1052)
   defining Unicode char U+041D (decimal 1053)
   defining Unicode char U+041E (decimal 1054)
   defining Unicode char U+041F (decimal 1055)
   defining Unicode char U+0420 (decimal 1056)
   defining Unicode char U+0421 (decimal 1057)
   defining Unicode char U+0422 (decimal 1058)
   defining Unicode char U+0423 (decimal 1059)
   defining Unicode char U+0424 (decimal 1060)
   defining Unicode char U+0425 (decimal 1061)
   defining Unicode char U+0426 (decimal 1062)
   defining Unicode char U+0427 (decimal 1063)
   defining Unicode char U+0428 (decimal 1064)
   defining Unicode char U+0429 (decimal 1065)
   defining Unicode char U+042A (decimal 1066)
   defining Unicode char U+042B (decimal 1067)
   defining Unicode char U+042C (decimal 1068)
   defining Unicode char U+042D (decimal 1069)
   defining Unicode char U+042E (decimal 1070)
   defining Unicode char U+042F (decimal 1071)
   defining Unicode char U+0430 (decimal 1072)
   defining Unicode char U+0431 (decimal 1073)
   defining Unicode char U+0432 (decimal 1074)
   defining Unicode char U+0433 (decimal 1075)
   defining Unicode char U+0434 (decimal 1076)
   defining Unicode char U+0435 (decimal 1077)
   defining Unicode char U+0436 (decimal 1078)
   defining Unicode char U+0437 (decimal 1079)
   defining Unicode char U+0438 (decimal 1080)
   defining Unicode char U+0439 (decimal 1081)
   defining Unicode char U+043A (decimal 1082)
   defining Unicode char U+043B (decimal 1083)
   defining Unicode char U+043C (decimal 1084)
   defining Unicode char U+043D (decimal 1085)
   defining Unicode char U+043E (decimal 1086)
   defining Unicode char U+043F (decimal 1087)
   defining Unicode char U+0440 (decimal 1088)
   defining Unicode char U+0441 (decimal 1089)
   defining Unicode char U+0442 (decimal 1090)
   defining Unicode char U+0443 (decimal 1091)
   defining Unicode char U+0444 (decimal 1092)
   defining Unicode char U+0445 (decimal 1093)
   defining Unicode char U+0446 (decimal 1094)
   defining Unicode char U+0447 (decimal 1095)
   defining Unicode char U+0448 (decimal 1096)
   defining Unicode char U+0449 (decimal 1097)
   defining Unicode char U+044A (decimal 1098)
   defining Unicode char U+044B (decimal 1099)
   defining Unicode char U+044C (decimal 1100)
   defining Unicode char U+044D (decimal 1101)
   defining Unicode char U+044E (decimal 1102)
   defining Unicode char U+044F (decimal 1103)
   defining Unicode char U+0450 (decimal 1104)
   defining Unicode char U+0451 (decimal 1105)
   defining Unicode char U+0452 (decimal 1106)
   defining Unicode char U+0453 (decimal 1107)
   defining Unicode char U+0454 (decimal 1108)
   defining Unicode char U+0455 (decimal 1109)
   defining Unicode char U+0456 (decimal 1110)
   defining Unicode char U+0457 (decimal 1111)
   defining Unicode char U+0458 (decimal 1112)
   defining Unicode char U+0459 (decimal 1113)
   defining Unicode char U+045A (decimal 1114)
   defining Unicode char U+045B (decimal 1115)
   defining Unicode char U+045C (decimal 1116)
   defining Unicode char U+045D (decimal 1117)
   defining Unicode char U+045E (decimal 1118)
   defining Unicode char U+045F (decimal 1119)
   defining Unicode char U+0490 (decimal 1168)
   defining Unicode char U+0491 (decimal 1169)
   defining Unicode char U+0492 (decimal 1170)
   defining Unicode char U+0493 (decimal 1171)
   defining Unicode char U+0496 (decimal 1174)
   defining Unicode char U+0497 (decimal 1175)
   defining Unicode char U+0498 (decimal 1176)
   defining Unicode char U+0499 (decimal 1177)
   defining Unicode char U+049A (decimal 1178)
   defining Unicode char U+049B (decimal 1179)
   defining Unicode char U+049C (decimal 1180)
   defining Unicode char U+049D (decimal 1181)
   defining Unicode char U+04A0 (decimal 1184)
   defining Unicode char U+04A1 (decimal 1185)
   defining Unicode char U+04A2 (decimal 1186)
   defining Unicode char U+04A3 (decimal 1187)
   defining Unicode char U+04A4 (decimal 1188)
   defining Unicode char U+04A5 (decimal 1189)
   defining Unicode char U+04AA (decimal 1194)
   defining Unicode char U+04AB (decimal 1195)
   defining Unicode char U+04AE (decimal 1198)
   defining Unicode char U+04AF (decimal 1199)
   defining Unicode char U+04B0 (decimal 1200)
   defining Unicode char U+04B1 (decimal 1201)
   defining Unicode char U+04B2 (decimal 1202)
   defining Unicode char U+04B3 (decimal 1203)
   defining Unicode char U+04B6 (decimal 1206)
   defining Unicode char U+04B7 (decimal 1207)
   defining Unicode char U+04B8 (decimal 1208)
   defining Unicode char U+04B9 (decimal 1209)
   defining Unicode char U+04BA (decimal 1210)
   defining Unicode char U+04BB (decimal 1211)
   defining Unicode char U+04C0 (decimal 1216)
   defining Unicode char U+04C1 (decimal 1217)
   defining Unicode char U+04C2 (decimal 1218)
   defining Unicode char U+04D0 (decimal 1232)
   defining Unicode char U+04D1 (decimal 1233)
   defining Unicode char U+04D2 (decimal 1234)
   defining Unicode char U+04D3 (decimal 1235)
   defining Unicode char U+04D4 (decimal 1236)
   defining Unicode char U+04D5 (decimal 1237)
   defining Unicode char U+04D6 (decimal 1238)
   defining Unicode char U+04D7 (decimal 1239)
   defining Unicode char U+04D8 (decimal 1240)
   defining Unicode char U+04D9 (decimal 1241)
   defining Unicode char U+04DA (decimal 1242)
   defining Unicode char U+04DB (decimal 1243)
   defining Unicode char U+04DC (decimal 1244)
   defining Unicode char U+04DD (decimal 1245)
   defining Unicode char U+04DE (decimal 1246)
   defining Unicode char U+04DF (decimal 1247)
   defining Unicode char U+04E2 (decimal 1250)
   defining Unicode char U+04E3 (decimal 1251)
   defining Unicode char U+04E4 (decimal 1252)
   defining Unicode char U+04E5 (decimal 1253)
   defining Unicode char U+04E6 (decimal 1254)
   defining Unicode char U+04E7 (decimal 1255)
   defining Unicode char U+04E8 (decimal 1256)
   defining Unicode char U+04E9 (decimal 1257)
   defining Unicode char U+04EC (decimal 1260)
   defining Unicode char U+04ED (decimal 1261)
   defining Unicode char U+04EE (decimal 1262)
   defining Unicode char U+04EF (decimal 1263)
   defining Unicode char U+04F0 (decimal 1264)
   defining Unicode char U+04F1 (decimal 1265)
   defining Unicode char U+04F2 (decimal 1266)
   defining Unicode char U+04F3 (decimal 1267)
   defining Unicode char U+04F4 (decimal 1268)
   defining Unicode char U+04F5 (decimal 1269)
   defining Unicode char U+04F8 (decimal 1272)
   defining Unicode char U+04F9 (decimal 1273)
   defining Unicode char U+200C (decimal 8204)
   defining Unicode char U+2013 (decimal 8211)
   defining Unicode char U+2014 (decimal 8212)
   defining Unicode char U+2018 (decimal 8216)
   defining Unicode char U+2019 (decimal 8217)
   defining Unicode char U+201C (decimal 8220)
   defining Unicode char U+201D (decimal 8221)
   defining Unicode char U+201E (decimal 8222)
   defining Unicode char U+2030 (decimal 8240)
   defining Unicode char U+2031 (decimal 8241)
   defining Unicode char U+2116 (decimal 8470)
   defining Unicode char U+2329 (decimal 9001)
   defining Unicode char U+3008 (decimal 12296)
   defining Unicode char U+232A (decimal 9002)
   defining Unicode char U+3009 (decimal 12297)
   defining Unicode char U+2423 (decimal 9251)
   defining Unicode char U+27E8 (decimal 10216)
   defining Unicode char U+27E9 (decimal 10217)
   defining Unicode char U+FB00 (decimal 64256)
   defining Unicode char U+FB01 (decimal 64257)
   defining Unicode char U+FB02 (decimal 64258)
   defining Unicode char U+FB03 (decimal 64259)
   defining Unicode char U+FB04 (decimal 64260)
   defining Unicode char U+FB05 (decimal 64261)
   defining Unicode char U+FB06 (decimal 64262)
))
LaTeX Font Info:    Trying to load font information for T2A+cmr on input line 112.
 (/usr/local/texlive/2023/texmf-dist/tex/latex/cyrillic/t2acmr.fd
File: t2acmr.fd 2001/08/11 v1.0a Computer Modern Cyrillic font definitions
)) (/usr/local/texlive/2023/texmf-dist/tex/generic/babel/babel.sty
Package: babel 2023/04/18 3.88 The Babel package
\babel@savecnt=\count193
\U@D=\dimen141
\l@unhyphenated=\language87
 (/usr/local/texlive/2023/texmf-dist/tex/generic/babel/txtbabel.def)
\bbl@readstream=\read2
\bbl@dirlevel=\count194
 (/usr/local/texlive/2023/texmf-dist/tex/generic/babel-english/english.ldf
Language: english 2017/06/06 v3.3r English support from the babel system
Package babel Info: Hyphen rules for 'canadian' set to \l@english
(babel)             (\language0). Reported on input line 102.
Package babel Info: Hyphen rules for 'australian' set to \l@ukenglish
(babel)             (\language21). Reported on input line 105.
Package babel Info: Hyphen rules for 'newzealand' set to \l@ukenglish
(babel)             (\language21). Reported on input line 108.
) (/usr/local/texlive/2023/texmf-dist/tex/generic/babel-russian/russianb.ldf
File: russianb.ldf 2021/01/10 1.3m Russian support for the Babel system
Language: russian 2020/09/09 1.3k Russian support for the Babel system
Package babel Info: Making " an active character on input line 124.
Package babel Info: Default for \cyrdash is provided on input line 163.
)) (/usr/local/texlive/2023/texmf-dist/tex/generic/babel/locale/ru/babel-russian.tex
Package babel Info: Importing font and identification data for russian
(babel)             from babel-ru.ini. Reported on input line 11.
) (/usr/local/texlive/2023/texmf-dist/tex/generic/babel/locale/en/babel-english.tex
Package babel Info: Importing font and identification data for english
(babel)             from babel-en.ini. Reported on input line 11.
) (/usr/local/texlive/2023/texmf-dist/tex/latex/mathtools/mathtools.sty
Package: mathtools 2022/06/29 v1.29 mathematical typesetting tools
 (/usr/local/texlive/2023/texmf-dist/tex/latex/graphics/keyval.sty
Package: keyval 2022/05/29 v1.15 key=value parser (DPC)
\KV@toks@=\toks18
) (/usr/local/texlive/2023/texmf-dist/tex/latex/tools/calc.sty
Package: calc 2017/05/25 v4.3 Infix arithmetic (KKT,FJ)
\calc@Acount=\count195
\calc@Bcount=\count196
\calc@Adimen=\dimen142
\calc@Bdimen=\dimen143
\calc@Askip=\skip50
\calc@Bskip=\skip51
LaTeX Info: Redefining \setlength on input line 80.
LaTeX Info: Redefining \addtolength on input line 81.
\calc@Ccount=\count197
\calc@Cskip=\skip52
) (/usr/local/texlive/2023/texmf-dist/tex/latex/mathtools/mhsetup.sty
Package: mhsetup 2021/03/18 v1.4 programming setup (MH)
) (/usr/local/texlive/2023/texmf-dist/tex/latex/amsmath/amsmath.sty
Package: amsmath 2022/04/08 v2.17n AMS math features
\@mathmargin=\skip53

For additional information on amsmath, use the `?' option.
(/usr/local/texlive/2023/texmf-dist/tex/latex/amsmath/amstext.sty
Package: amstext 2021/08/26 v2.01 AMS text
 (/usr/local/texlive/2023/texmf-dist/tex/latex/amsmath/amsgen.sty
File: amsgen.sty 1999/11/30 v2.0 generic functions
\@emptytoks=\toks19
\ex@=\dimen144
)) (/usr/local/texlive/2023/texmf-dist/tex/latex/amsmath/amsbsy.sty
Package: amsbsy 1999/11/29 v1.2d Bold Symbols
\pmbraise@=\dimen145
) (/usr/local/texlive/2023/texmf-dist/tex/latex/amsmath/amsopn.sty
Package: amsopn 2022/04/08 v2.04 operator names
)
\inf@bad=\count198
LaTeX Info: Redefining \frac on input line 234.
\uproot@=\count199
\leftroot@=\count266
LaTeX Info: Redefining \overline on input line 399.
LaTeX Info: Redefining \colon on input line 410.
\classnum@=\count267
\DOTSCASE@=\count268
LaTeX Info: Redefining \ldots on input line 496.
LaTeX Info: Redefining \dots on input line 499.
LaTeX Info: Redefining \cdots on input line 620.
\Mathstrutbox@=\box51
\strutbox@=\box52
LaTeX Info: Redefining \big on input line 722.
LaTeX Info: Redefining \Big on input line 723.
LaTeX Info: Redefining \bigg on input line 724.
LaTeX Info: Redefining \Bigg on input line 725.
\big@size=\dimen146
LaTeX Font Info:    Redeclaring font encoding OML on input line 743.
LaTeX Font Info:    Redeclaring font encoding OMS on input line 744.
\macc@depth=\count269
LaTeX Info: Redefining \bmod on input line 905.
LaTeX Info: Redefining \pmod on input line 910.
LaTeX Info: Redefining \smash on input line 940.
LaTeX Info: Redefining \relbar on input line 970.
LaTeX Info: Redefining \Relbar on input line 971.
\c@MaxMatrixCols=\count270
\dotsspace@=\muskip16
\c@parentequation=\count271
\dspbrk@lvl=\count272
\tag@help=\toks20
\row@=\count273
\column@=\count274
\maxfields@=\count275
\andhelp@=\toks21
\eqnshift@=\dimen147
\alignsep@=\dimen148
\tagshift@=\dimen149
\tagwidth@=\dimen150
\totwidth@=\dimen151
\lineht@=\dimen152
\@envbody=\toks22
\multlinegap=\skip54
\multlinetaggap=\skip55
\mathdisplay@stack=\toks23
LaTeX Info: Redefining \[ on input line 2953.
LaTeX Info: Redefining \] on input line 2954.
)
\g_MT_multlinerow_int=\count276
\l_MT_multwidth_dim=\dimen153
\origjot=\skip56
\l_MT_shortvdotswithinadjustabove_dim=\dimen154
\l_MT_shortvdotswithinadjustbelow_dim=\dimen155
\l_MT_above_intertext_sep=\dimen156
\l_MT_below_intertext_sep=\dimen157
\l_MT_above_shortintertext_sep=\dimen158
\l_MT_below_shortintertext_sep=\dimen159
\xmathstrut@box=\box53
\xmathstrut@dim=\dimen160
) (/usr/local/texlive/2023/texmf-dist/tex/latex/geometry/geometry.sty
Package: geometry 2020/01/02 v5.9 Page Geometry
 (/usr/local/texlive/2023/texmf-dist/tex/generic/iftex/ifvtex.sty
Package: ifvtex 2019/10/25 v1.7 ifvtex legacy package. Use iftex instead.
 (/usr/local/texlive/2023/texmf-dist/tex/generic/iftex/iftex.sty
Package: iftex 2022/02/03 v1.0f TeX engine tests
))
\Gm@cnth=\count277
\Gm@cntv=\count278
\c@Gm@tempcnt=\count279
\Gm@bindingoffset=\dimen161
\Gm@wd@mp=\dimen162
\Gm@odd@mp=\dimen163
\Gm@even@mp=\dimen164
\Gm@layoutwidth=\dimen165
\Gm@layoutheight=\dimen166
\Gm@layouthoffset=\dimen167
\Gm@layoutvoffset=\dimen168
\Gm@dimlist=\toks24
) (/usr/local/texlive/2023/texmf-dist/tex/latex/graphics/graphicx.sty
Package: graphicx 2021/09/16 v1.2d Enhanced LaTeX Graphics (DPC,SPQR)
 (/usr/local/texlive/2023/texmf-dist/tex/latex/graphics/graphics.sty
Package: graphics 2022/03/10 v1.4e Standard LaTeX Graphics (DPC,SPQR)
 (/usr/local/texlive/2023/texmf-dist/tex/latex/graphics/trig.sty
Package: trig 2021/08/11 v1.11 sin cos tan (DPC)
) (/usr/local/texlive/2023/texmf-dist/tex/latex/graphics-cfg/graphics.cfg
File: graphics.cfg 2016/06/04 v1.11 sample graphics configuration
)
Package graphics Info: Driver file: pdftex.def on input line 107.
 (/usr/local/texlive/2023/texmf-dist/tex/latex/graphics-def/pdftex.def
File: pdftex.def 2022/09/22 v1.2b Graphics/color driver for pdftex
))
\Gin@req@height=\dimen169
\Gin@req@width=\dimen170
) (/usr/local/texlive/2023/texmf-dist/tex/latex/caption/subcaption.sty
Package: subcaption 2023/02/19 v1.6 Sub-captions (AR)
 (/usr/local/texlive/2023/texmf-dist/tex/latex/caption/caption.sty
Package: caption 2023/03/12 v3.6j Customizing captions (AR)
 (/usr/local/texlive/2023/texmf-dist/tex/latex/caption/caption3.sty
Package: caption3 2023/03/12 v2.4 caption3 kernel (AR)
\caption@tempdima=\dimen171
\captionmargin=\dimen172
\caption@leftmargin=\dimen173
\caption@rightmargin=\dimen174
\caption@width=\dimen175
\caption@indent=\dimen176
\caption@parindent=\dimen177
\caption@hangindent=\dimen178
Package caption Info: Standard document class detected.
)
\c@caption@flags=\count280
\c@continuedfloat=\count281
)
Package caption Info: New subtype `subfigure' on input line 239.
\c@subfigure=\count282
Package caption Info: New subtype `subtable' on input line 239.
\c@subtable=\count283
) (/usr/local/texlive/2023/texmf-dist/tex/latex/pgfplots/pgfplots.sty (/usr/local/texlive/2023/texmf-dist/tex/generic/pgfplots/pgfplots.revision.tex)
Package: pgfplots 2021/05/15 v1.18.1 Data Visualization (1.18.1)
 (/usr/local/texlive/2023/texmf-dist/tex/latex/pgf/frontendlayer/tikz.sty (/usr/local/texlive/2023/texmf-dist/tex/latex/pgf/basiclayer/pgf.sty (/usr/local/texlive/2023/texmf-dist/tex/latex/pgf/utilities/pgfrcs.sty (/usr/local/texlive/2023/texmf-dist/tex/generic/pgf/utilities/pgfutil-common.tex
\pgfutil@everybye=\toks25
\pgfutil@tempdima=\dimen179
\pgfutil@tempdimb=\dimen180
) (/usr/local/texlive/2023/texmf-dist/tex/generic/pgf/utilities/pgfutil-latex.def
\pgfutil@abb=\box54
) (/usr/local/texlive/2023/texmf-dist/tex/generic/pgf/utilities/pgfrcs.code.tex (/usr/local/texlive/2023/texmf-dist/tex/generic/pgf/pgf.revision.tex)
Package: pgfrcs 2023-01-15 v3.1.10 (3.1.10)
))
Package: pgf 2023-01-15 v3.1.10 (3.1.10)
 (/usr/local/texlive/2023/texmf-dist/tex/latex/pgf/basiclayer/pgfcore.sty (/usr/local/texlive/2023/texmf-dist/tex/latex/pgf/systemlayer/pgfsys.sty (/usr/local/texlive/2023/texmf-dist/tex/generic/pgf/systemlayer/pgfsys.code.tex
Package: pgfsys 2023-01-15 v3.1.10 (3.1.10)
 (/usr/local/texlive/2023/texmf-dist/tex/generic/pgf/utilities/pgfkeys.code.tex
\pgfkeys@pathtoks=\toks26
\pgfkeys@temptoks=\toks27
 (/usr/local/texlive/2023/texmf-dist/tex/generic/pgf/utilities/pgfkeyslibraryfiltered.code.tex
\pgfkeys@tmptoks=\toks28
))
\pgf@x=\dimen181
\pgf@y=\dimen182
\pgf@xa=\dimen183
\pgf@ya=\dimen184
\pgf@xb=\dimen185
\pgf@yb=\dimen186
\pgf@xc=\dimen187
\pgf@yc=\dimen188
\pgf@xd=\dimen189
\pgf@yd=\dimen190
\w@pgf@writea=\write3
\r@pgf@reada=\read3
\c@pgf@counta=\count284
\c@pgf@countb=\count285
\c@pgf@countc=\count286
\c@pgf@countd=\count287
\t@pgf@toka=\toks29
\t@pgf@tokb=\toks30
\t@pgf@tokc=\toks31
\pgf@sys@id@count=\count288
 (/usr/local/texlive/2023/texmf-dist/tex/generic/pgf/systemlayer/pgf.cfg
File: pgf.cfg 2023-01-15 v3.1.10 (3.1.10)
)
Driver file for pgf: pgfsys-pdftex.def
 (/usr/local/texlive/2023/texmf-dist/tex/generic/pgf/systemlayer/pgfsys-pdftex.def
File: pgfsys-pdftex.def 2023-01-15 v3.1.10 (3.1.10)
 (/usr/local/texlive/2023/texmf-dist/tex/generic/pgf/systemlayer/pgfsys-common-pdf.def
File: pgfsys-common-pdf.def 2023-01-15 v3.1.10 (3.1.10)
))) (/usr/local/texlive/2023/texmf-dist/tex/generic/pgf/systemlayer/pgfsyssoftpath.code.tex
File: pgfsyssoftpath.code.tex 2023-01-15 v3.1.10 (3.1.10)
\pgfsyssoftpath@smallbuffer@items=\count289
\pgfsyssoftpath@bigbuffer@items=\count290
) (/usr/local/texlive/2023/texmf-dist/tex/generic/pgf/systemlayer/pgfsysprotocol.code.tex
File: pgfsysprotocol.code.tex 2023-01-15 v3.1.10 (3.1.10)
)) (/usr/local/texlive/2023/texmf-dist/tex/latex/xcolor/xcolor.sty
Package: xcolor 2022/06/12 v2.14 LaTeX color extensions (UK)
 (/usr/local/texlive/2023/texmf-dist/tex/latex/graphics-cfg/color.cfg
File: color.cfg 2016/01/02 v1.6 sample color configuration
)
Package xcolor Info: Driver file: pdftex.def on input line 227.
 (/usr/local/texlive/2023/texmf-dist/tex/latex/graphics/mathcolor.ltx)
Package xcolor Info: Model `cmy' substituted by `cmy0' on input line 1353.
Package xcolor Info: Model `hsb' substituted by `rgb' on input line 1357.
Package xcolor Info: Model `RGB' extended on input line 1369.
Package xcolor Info: Model `HTML' substituted by `rgb' on input line 1371.
Package xcolor Info: Model `Hsb' substituted by `hsb' on input line 1372.
Package xcolor Info: Model `tHsb' substituted by `hsb' on input line 1373.
Package xcolor Info: Model `HSB' substituted by `hsb' on input line 1374.
Package xcolor Info: Model `Gray' substituted by `gray' on input line 1375.
Package xcolor Info: Model `wave' substituted by `hsb' on input line 1376.
) (/usr/local/texlive/2023/texmf-dist/tex/generic/pgf/basiclayer/pgfcore.code.tex
Package: pgfcore 2023-01-15 v3.1.10 (3.1.10)
 (/usr/local/texlive/2023/texmf-dist/tex/generic/pgf/math/pgfmath.code.tex (/usr/local/texlive/2023/texmf-dist/tex/generic/pgf/math/pgfmathutil.code.tex) (/usr/local/texlive/2023/texmf-dist/tex/generic/pgf/math/pgfmathparser.code.tex
\pgfmath@dimen=\dimen191
\pgfmath@count=\count291
\pgfmath@box=\box55
\pgfmath@toks=\toks32
\pgfmath@stack@operand=\toks33
\pgfmath@stack@operation=\toks34
) (/usr/local/texlive/2023/texmf-dist/tex/generic/pgf/math/pgfmathfunctions.code.tex) (/usr/local/texlive/2023/texmf-dist/tex/generic/pgf/math/pgfmathfunctions.basic.code.tex) (/usr/local/texlive/2023/texmf-dist/tex/generic/pgf/math/pgfmathfunctions.trigonometric.code.tex) (/usr/local/texlive/2023/texmf-dist/tex/generic/pgf/math/pgfmathfunctions.random.code.tex) (/usr/local/texlive/2023/texmf-dist/tex/generic/pgf/math/pgfmathfunctions.comparison.code.tex) (/usr/local/texlive/2023/texmf-dist/tex/generic/pgf/math/pgfmathfunctions.base.code.tex) (/usr/local/texlive/2023/texmf-dist/tex/generic/pgf/math/pgfmathfunctions.round.code.tex) (/usr/local/texlive/2023/texmf-dist/tex/generic/pgf/math/pgfmathfunctions.misc.code.tex) (/usr/local/texlive/2023/texmf-dist/tex/generic/pgf/math/pgfmathfunctions.integerarithmetics.code.tex) (/usr/local/texlive/2023/texmf-dist/tex/generic/pgf/math/pgfmathcalc.code.tex) (/usr/local/texlive/2023/texmf-dist/tex/generic/pgf/math/pgfmathfloat.code.tex
\c@pgfmathroundto@lastzeros=\count292
)) (/usr/local/texlive/2023/texmf-dist/tex/generic/pgf/math/pgfint.code.tex) (/usr/local/texlive/2023/texmf-dist/tex/generic/pgf/basiclayer/pgfcorepoints.code.tex
File: pgfcorepoints.code.tex 2023-01-15 v3.1.10 (3.1.10)
\pgf@picminx=\dimen192
\pgf@picmaxx=\dimen193
\pgf@picminy=\dimen194
\pgf@picmaxy=\dimen195
\pgf@pathminx=\dimen196
\pgf@pathmaxx=\dimen197
\pgf@pathminy=\dimen198
\pgf@pathmaxy=\dimen199
\pgf@xx=\dimen256
\pgf@xy=\dimen257
\pgf@yx=\dimen258
\pgf@yy=\dimen259
\pgf@zx=\dimen260
\pgf@zy=\dimen261
) (/usr/local/texlive/2023/texmf-dist/tex/generic/pgf/basiclayer/pgfcorepathconstruct.code.tex
File: pgfcorepathconstruct.code.tex 2023-01-15 v3.1.10 (3.1.10)
\pgf@path@lastx=\dimen262
\pgf@path@lasty=\dimen263
) (/usr/local/texlive/2023/texmf-dist/tex/generic/pgf/basiclayer/pgfcorepathusage.code.tex
File: pgfcorepathusage.code.tex 2023-01-15 v3.1.10 (3.1.10)
\pgf@shorten@end@additional=\dimen264
\pgf@shorten@start@additional=\dimen265
) (/usr/local/texlive/2023/texmf-dist/tex/generic/pgf/basiclayer/pgfcorescopes.code.tex
File: pgfcorescopes.code.tex 2023-01-15 v3.1.10 (3.1.10)
\pgfpic=\box56
\pgf@hbox=\box57
\pgf@layerbox@main=\box58
\pgf@picture@serial@count=\count293
) (/usr/local/texlive/2023/texmf-dist/tex/generic/pgf/basiclayer/pgfcoregraphicstate.code.tex
File: pgfcoregraphicstate.code.tex 2023-01-15 v3.1.10 (3.1.10)
\pgflinewidth=\dimen266
) (/usr/local/texlive/2023/texmf-dist/tex/generic/pgf/basiclayer/pgfcoretransformations.code.tex
File: pgfcoretransformations.code.tex 2023-01-15 v3.1.10 (3.1.10)
\pgf@pt@x=\dimen267
\pgf@pt@y=\dimen268
\pgf@pt@temp=\dimen269
) (/usr/local/texlive/2023/texmf-dist/tex/generic/pgf/basiclayer/pgfcorequick.code.tex
File: pgfcorequick.code.tex 2023-01-15 v3.1.10 (3.1.10)
) (/usr/local/texlive/2023/texmf-dist/tex/generic/pgf/basiclayer/pgfcoreobjects.code.tex
File: pgfcoreobjects.code.tex 2023-01-15 v3.1.10 (3.1.10)
) (/usr/local/texlive/2023/texmf-dist/tex/generic/pgf/basiclayer/pgfcorepathprocessing.code.tex
File: pgfcorepathprocessing.code.tex 2023-01-15 v3.1.10 (3.1.10)
) (/usr/local/texlive/2023/texmf-dist/tex/generic/pgf/basiclayer/pgfcorearrows.code.tex
File: pgfcorearrows.code.tex 2023-01-15 v3.1.10 (3.1.10)
\pgfarrowsep=\dimen270
) (/usr/local/texlive/2023/texmf-dist/tex/generic/pgf/basiclayer/pgfcoreshade.code.tex
File: pgfcoreshade.code.tex 2023-01-15 v3.1.10 (3.1.10)
\pgf@max=\dimen271
\pgf@sys@shading@range@num=\count294
\pgf@shadingcount=\count295
) (/usr/local/texlive/2023/texmf-dist/tex/generic/pgf/basiclayer/pgfcoreimage.code.tex
File: pgfcoreimage.code.tex 2023-01-15 v3.1.10 (3.1.10)
) (/usr/local/texlive/2023/texmf-dist/tex/generic/pgf/basiclayer/pgfcoreexternal.code.tex
File: pgfcoreexternal.code.tex 2023-01-15 v3.1.10 (3.1.10)
\pgfexternal@startupbox=\box59
) (/usr/local/texlive/2023/texmf-dist/tex/generic/pgf/basiclayer/pgfcorelayers.code.tex
File: pgfcorelayers.code.tex 2023-01-15 v3.1.10 (3.1.10)
) (/usr/local/texlive/2023/texmf-dist/tex/generic/pgf/basiclayer/pgfcoretransparency.code.tex
File: pgfcoretransparency.code.tex 2023-01-15 v3.1.10 (3.1.10)
) (/usr/local/texlive/2023/texmf-dist/tex/generic/pgf/basiclayer/pgfcorepatterns.code.tex
File: pgfcorepatterns.code.tex 2023-01-15 v3.1.10 (3.1.10)
) (/usr/local/texlive/2023/texmf-dist/tex/generic/pgf/basiclayer/pgfcorerdf.code.tex
File: pgfcorerdf.code.tex 2023-01-15 v3.1.10 (3.1.10)
))) (/usr/local/texlive/2023/texmf-dist/tex/generic/pgf/modules/pgfmoduleshapes.code.tex
File: pgfmoduleshapes.code.tex 2023-01-15 v3.1.10 (3.1.10)
\pgfnodeparttextbox=\box60
) (/usr/local/texlive/2023/texmf-dist/tex/generic/pgf/modules/pgfmoduleplot.code.tex
File: pgfmoduleplot.code.tex 2023-01-15 v3.1.10 (3.1.10)
) (/usr/local/texlive/2023/texmf-dist/tex/latex/pgf/compatibility/pgfcomp-version-0-65.sty
Package: pgfcomp-version-0-65 2023-01-15 v3.1.10 (3.1.10)
\pgf@nodesepstart=\dimen272
\pgf@nodesepend=\dimen273
) (/usr/local/texlive/2023/texmf-dist/tex/latex/pgf/compatibility/pgfcomp-version-1-18.sty
Package: pgfcomp-version-1-18 2023-01-15 v3.1.10 (3.1.10)
)) (/usr/local/texlive/2023/texmf-dist/tex/latex/pgf/utilities/pgffor.sty (/usr/local/texlive/2023/texmf-dist/tex/latex/pgf/utilities/pgfkeys.sty (/usr/local/texlive/2023/texmf-dist/tex/generic/pgf/utilities/pgfkeys.code.tex)) (/usr/local/texlive/2023/texmf-dist/tex/latex/pgf/math/pgfmath.sty (/usr/local/texlive/2023/texmf-dist/tex/generic/pgf/math/pgfmath.code.tex)) (/usr/local/texlive/2023/texmf-dist/tex/generic/pgf/utilities/pgffor.code.tex
Package: pgffor 2023-01-15 v3.1.10 (3.1.10)
\pgffor@iter=\dimen274
\pgffor@skip=\dimen275
\pgffor@stack=\toks35
\pgffor@toks=\toks36
)) (/usr/local/texlive/2023/texmf-dist/tex/generic/pgf/frontendlayer/tikz/tikz.code.tex
Package: tikz 2023-01-15 v3.1.10 (3.1.10)
 (/usr/local/texlive/2023/texmf-dist/tex/generic/pgf/libraries/pgflibraryplothandlers.code.tex
File: pgflibraryplothandlers.code.tex 2023-01-15 v3.1.10 (3.1.10)
\pgf@plot@mark@count=\count296
\pgfplotmarksize=\dimen276
)
\tikz@lastx=\dimen277
\tikz@lasty=\dimen278
\tikz@lastxsaved=\dimen279
\tikz@lastysaved=\dimen280
\tikz@lastmovetox=\dimen281
\tikz@lastmovetoy=\dimen282
\tikzleveldistance=\dimen283
\tikzsiblingdistance=\dimen284
\tikz@figbox=\box61
\tikz@figbox@bg=\box62
\tikz@tempbox=\box63
\tikz@tempbox@bg=\box64
\tikztreelevel=\count297
\tikznumberofchildren=\count298
\tikznumberofcurrentchild=\count299
\tikz@fig@count=\count300
 (/usr/local/texlive/2023/texmf-dist/tex/generic/pgf/modules/pgfmodulematrix.code.tex
File: pgfmodulematrix.code.tex 2023-01-15 v3.1.10 (3.1.10)
\pgfmatrixcurrentrow=\count301
\pgfmatrixcurrentcolumn=\count302
\pgf@matrix@numberofcolumns=\count303
)
\tikz@expandcount=\count304
 (/usr/local/texlive/2023/texmf-dist/tex/generic/pgf/frontendlayer/tikz/libraries/tikzlibrarytopaths.code.tex
File: tikzlibrarytopaths.code.tex 2023-01-15 v3.1.10 (3.1.10)
))) (/usr/local/texlive/2023/texmf-dist/tex/generic/pgfplots/pgfplots.code.tex (/usr/local/texlive/2023/texmf-dist/tex/generic/pgfplots/pgfplotscore.code.tex
\t@pgfplots@toka=\toks37
\t@pgfplots@tokb=\toks38
\t@pgfplots@tokc=\toks39
\pgfplots@tmpa=\dimen285
\c@pgfplots@coordindex=\count305
\c@pgfplots@scanlineindex=\count306
 (/usr/local/texlive/2023/texmf-dist/tex/generic/pgfplots/sys/pgfplotssysgeneric.code.tex)) (/usr/local/texlive/2023/texmf-dist/tex/generic/pgfplots/libs/pgfplotslibrary.code.tex) (/usr/local/texlive/2023/texmf-dist/tex/generic/pgfplots/oldpgfcompatib/pgfplotsoldpgfsupp_loader.code.tex (/usr/local/texlive/2023/texmf-dist/tex/generic/pgf/libraries/pgflibraryfpu.code.tex)
Package pgfplots: loading complementary utilities for your pgf version...
\t@pgf@toka=\toks40
\t@pgf@tokb=\toks41
\t@pgf@tokc=\toks42
(/usr/local/texlive/2023/texmf-dist/tex/generic/pgfplots/oldpgfcompatib/pgfplotsoldpgfsupp_pgfutil-common-lists.tex)) (/usr/local/texlive/2023/texmf-dist/tex/generic/pgfplots/util/pgfplotsutil.code.tex (/usr/local/texlive/2023/texmf-dist/tex/generic/pgfplots/liststructure/pgfplotsliststructure.code.tex) (/usr/local/texlive/2023/texmf-dist/tex/generic/pgfplots/liststructure/pgfplotsliststructureext.code.tex) (/usr/local/texlive/2023/texmf-dist/tex/generic/pgfplots/liststructure/pgfplotsarray.code.tex
\c@pgfplotsarray@tmp=\count307
) (/usr/local/texlive/2023/texmf-dist/tex/generic/pgfplots/liststructure/pgfplotsmatrix.code.tex) (/usr/local/texlive/2023/texmf-dist/tex/generic/pgfplots/numtable/pgfplotstableshared.code.tex
\c@pgfplotstable@counta=\count308
\t@pgfplotstable@a=\toks43
) (/usr/local/texlive/2023/texmf-dist/tex/generic/pgfplots/liststructure/pgfplotsdeque.code.tex) (/usr/local/texlive/2023/texmf-dist/tex/generic/pgfplots/util/pgfplotsbinary.code.tex (/usr/local/texlive/2023/texmf-dist/tex/generic/pgfplots/util/pgfplotsbinary.data.code.tex)) (/usr/local/texlive/2023/texmf-dist/tex/generic/pgfplots/util/pgfplotsutil.verb.code.tex) (/usr/local/texlive/2023/texmf-dist/tex/generic/pgfplots/libs/pgflibrarypgfplots.surfshading.code.tex
\c@pgfplotslibrarysurf@no=\count309
 (/usr/local/texlive/2023/texmf-dist/tex/generic/pgfplots/sys/pgflibrarypgfplots.surfshading.pgfsys-pdftex.def))) (/usr/local/texlive/2023/texmf-dist/tex/generic/pgfplots/util/pgfplotscolormap.code.tex (/usr/local/texlive/2023/texmf-dist/tex/generic/pgfplots/util/pgfplotscolor.code.tex)) (/usr/local/texlive/2023/texmf-dist/tex/generic/pgfplots/pgfplotsstackedplots.code.tex) (/usr/local/texlive/2023/texmf-dist/tex/generic/pgfplots/pgfplotsplothandlers.code.tex (/usr/local/texlive/2023/texmf-dist/tex/generic/pgfplots/pgfplotsmeshplothandler.code.tex (/usr/local/texlive/2023/texmf-dist/tex/generic/pgfplots/pgfplotsmeshplotimage.code.tex))) (/usr/local/texlive/2023/texmf-dist/tex/generic/pgfplots/pgfplots.scaling.code.tex) (/usr/local/texlive/2023/texmf-dist/tex/generic/pgfplots/pgfplotscoordprocessing.code.tex) (/usr/local/texlive/2023/texmf-dist/tex/generic/pgfplots/pgfplots.errorbars.code.tex) (/usr/local/texlive/2023/texmf-dist/tex/generic/pgfplots/pgfplots.markers.code.tex) (/usr/local/texlive/2023/texmf-dist/tex/generic/pgfplots/pgfplotsticks.code.tex) (/usr/local/texlive/2023/texmf-dist/tex/generic/pgfplots/pgfplots.paths.code.tex) (/usr/local/texlive/2023/texmf-dist/tex/generic/pgf/frontendlayer/tikz/libraries/tikzlibrarydecorations.code.tex (/usr/local/texlive/2023/texmf-dist/tex/generic/pgf/modules/pgfmoduledecorations.code.tex
\pgfdecoratedcompleteddistance=\dimen286
\pgfdecoratedremainingdistance=\dimen287
\pgfdecoratedinputsegmentcompleteddistance=\dimen288
\pgfdecoratedinputsegmentremainingdistance=\dimen289
\pgf@decorate@distancetomove=\dimen290
\pgf@decorate@repeatstate=\count310
\pgfdecorationsegmentamplitude=\dimen291
\pgfdecorationsegmentlength=\dimen292
)
\tikz@lib@dec@box=\box65
) (/usr/local/texlive/2023/texmf-dist/tex/generic/pgf/frontendlayer/tikz/libraries/tikzlibrarydecorations.pathmorphing.code.tex (/usr/local/texlive/2023/texmf-dist/tex/generic/pgf/libraries/decorations/pgflibrarydecorations.pathmorphing.code.tex)) (/usr/local/texlive/2023/texmf-dist/tex/generic/pgf/frontendlayer/tikz/libraries/tikzlibrarydecorations.pathreplacing.code.tex (/usr/local/texlive/2023/texmf-dist/tex/generic/pgf/libraries/decorations/pgflibrarydecorations.pathreplacing.code.tex)) (/usr/local/texlive/2023/texmf-dist/tex/generic/pgfplots/libs/tikzlibrarypgfplots.contourlua.code.tex)
\pgfplots@numplots=\count311
\pgfplots@xmin@reg=\dimen293
\pgfplots@xmax@reg=\dimen294
\pgfplots@ymin@reg=\dimen295
\pgfplots@ymax@reg=\dimen296
\pgfplots@zmin@reg=\dimen297
\pgfplots@zmax@reg=\dimen298
) (/usr/local/texlive/2023/texmf-dist/tex/generic/pgf/frontendlayer/tikz/libraries/tikzlibraryplotmarks.code.tex
File: tikzlibraryplotmarks.code.tex 2023-01-15 v3.1.10 (3.1.10)
 (/usr/local/texlive/2023/texmf-dist/tex/generic/pgf/libraries/pgflibraryplotmarks.code.tex
File: pgflibraryplotmarks.code.tex 2023-01-15 v3.1.10 (3.1.10)
))) (/usr/local/texlive/2023/texmf-dist/tex/latex/amsfonts/amssymb.sty
Package: amssymb 2013/01/14 v3.01 AMS font symbols
 (/usr/local/texlive/2023/texmf-dist/tex/latex/amsfonts/amsfonts.sty
Package: amsfonts 2013/01/14 v3.01 Basic AMSFonts support
\symAMSa=\mathgroup4
\symAMSb=\mathgroup5
LaTeX Font Info:    Redeclaring math symbol \hbar on input line 98.
LaTeX Font Info:    Overwriting math alphabet `\mathfrak' in version `bold'
(Font)                  U/euf/m/n --> U/euf/b/n on input line 106.
)) (/usr/local/texlive/2023/texmf-dist/tex/latex/physics/physics.sty
Package: physics 
 (/usr/local/texlive/2023/texmf-dist/tex/latex/l3packages/xparse/xparse.sty (/usr/local/texlive/2023/texmf-dist/tex/latex/l3kernel/expl3.sty
Package: expl3 2023-05-05 L3 programming layer (loader) 
 (/usr/local/texlive/2023/texmf-dist/tex/latex/l3backend/l3backend-pdftex.def
File: l3backend-pdftex.def 2023-04-19 L3 backend support: PDF output (pdfTeX)
\l__color_backend_stack_int=\count312
\l__pdf_internal_box=\box66
))
Package: xparse 2023-02-02 L3 Experimental document command parser
)) (./main.aux)
\openout1 = `main.aux'.

LaTeX Font Info:    Checking defaults for OML/cmm/m/it on input line 34.
LaTeX Font Info:    ... okay on input line 34.
LaTeX Font Info:    Checking defaults for OMS/cmsy/m/n on input line 34.
LaTeX Font Info:    ... okay on input line 34.
LaTeX Font Info:    Checking defaults for OT1/cmr/m/n on input line 34.
LaTeX Font Info:    ... okay on input line 34.
LaTeX Font Info:    Checking defaults for T1/cmr/m/n on input line 34.
LaTeX Font Info:    ... okay on input line 34.
LaTeX Font Info:    Checking defaults for TS1/cmr/m/n on input line 34.
LaTeX Font Info:    ... okay on input line 34.
LaTeX Font Info:    Checking defaults for OMX/cmex/m/n on input line 34.
LaTeX Font Info:    ... okay on input line 34.
LaTeX Font Info:    Checking defaults for U/cmr/m/n on input line 34.
LaTeX Font Info:    ... okay on input line 34.
LaTeX Font Info:    Checking defaults for T2A/cmr/m/n on input line 34.
LaTeX Font Info:    ... okay on input line 34.
LaTeX Info: Redefining \th on input line 34.

*geometry* driver: auto-detecting
*geometry* detected driver: pdftex
*geometry* verbose mode - [ preamble ] result:
* driver: pdftex
* paper: <default>
* layout: <same size as paper>
* layoutoffset:(h,v)=(0.0pt,0.0pt)
* modes: 
* h-part:(L,W,R)=(28.45274pt, 557.38951pt, 28.45274pt)
* v-part:(T,H,B)=(28.45274pt, 766.51724pt, 0.0pt)
* \paperwidth=614.295pt
* \paperheight=794.96999pt
* \textwidth=557.38951pt
* \textheight=766.51724pt
* \oddsidemargin=-43.81725pt
* \evensidemargin=-43.81725pt
* \topmargin=-80.81725pt
* \headheight=12.0pt
* \headsep=25.0pt
* \topskip=10.0pt
* \footskip=30.0pt
* \marginparwidth=65.0pt
* \marginparsep=11.0pt
* \columnsep=10.0pt
* \skip\footins=9.0pt plus 4.0pt minus 2.0pt
* \hoffset=0.0pt
* \voffset=0.0pt
* \mag=1000
* \@twocolumnfalse
* \@twosidefalse
* \@mparswitchfalse
* \@reversemarginfalse
* (1in=72.27pt=25.4mm, 1cm=28.453pt)

(/usr/local/texlive/2023/texmf-dist/tex/context/base/mkii/supp-pdf.mkii
[Loading MPS to PDF converter (version 2006.09.02).]
\scratchcounter=\count313
\scratchdimen=\dimen299
\scratchbox=\box67
\nofMPsegments=\count314
\nofMParguments=\count315
\everyMPshowfont=\toks44
\MPscratchCnt=\count316
\MPscratchDim=\dimen300
\MPnumerator=\count317
\makeMPintoPDFobject=\count318
\everyMPtoPDFconversion=\toks45
) (/usr/local/texlive/2023/texmf-dist/tex/latex/epstopdf-pkg/epstopdf-base.sty
Package: epstopdf-base 2020-01-24 v2.11 Base part for package epstopdf
Package epstopdf-base Info: Redefining graphics rule for `.eps' on input line 485.
 (/usr/local/texlive/2023/texmf-dist/tex/latex/latexconfig/epstopdf-sys.cfg
File: epstopdf-sys.cfg 2010/07/13 v1.3 Configuration of (r)epstopdf for TeX Live
))
Package caption Info: Begin \AtBeginDocument code.
Package caption Info: End \AtBeginDocument code.


Package pgfplots Warning: running in backwards compatibility mode (unsuitable tick labels; missing features). Consider writing \pgfplotsset{compat=1.18} into your preamble.
 on input line 34.

LaTeX Font Info:    Trying to load font information for U+msa on input line 36.
(/usr/local/texlive/2023/texmf-dist/tex/latex/amsfonts/umsa.fd
File: umsa.fd 2013/01/14 v3.01 AMS symbols A
)
LaTeX Font Info:    Trying to load font information for U+msb on input line 36.
 (/usr/local/texlive/2023/texmf-dist/tex/latex/amsfonts/umsb.fd
File: umsb.fd 2013/01/14 v3.01 AMS symbols B
)
Underfull \hbox (badness 1496) in paragraph at lines 52--52
[]\T2A/cmr/bx/n/5 1. Ком-по-нен-ты в Angular: вза-и-мо-дей-ствие с
 []


Underfull \hbox (badness 10000) in paragraph at lines 52--52
\T2A/cmr/m/n/5 и-тель-ные бло-ки ин-тер-фей-са, ин-кап-су-ли-ру-ю-щие
 []


Underfull \hbox (badness 2057) in paragraph at lines 52--52
\T2A/cmr/m/n/5 но пе-ре-ис-поль-зо-вать внут-ри дру-гих ком-по-нен-тов.
 []


Underfull \hbox (badness 6428) in paragraph at lines 52--52
\T2A/cmr/m/n/5 де-ко-ра-то-ром @Component, HTML шаб-ло-на, CSS
 []


Underfull \hbox (badness 2538) in paragraph at lines 52--52
\T2A/cmr/m/n/5 сти-лей. Ком-по-нент вме-сте с шаб-ло-ном об-ра-зу-ют
 []


Underfull \hbox (badness 3492) in paragraph at lines 52--52
\T2A/cmr/m/n/5 Су-ще-ству-ет двух-сто-рон-няя связь меж-ду клас-сом
 []


Underfull \hbox (badness 3815) in paragraph at lines 52--52
\T2A/cmr/m/n/5 ком-по-нен-та и пред-став-ле-ни-ем ^^V при из-ме-не-нии
 []


Underfull \hbox (badness 1616) in paragraph at lines 52--52
\T2A/cmr/m/n/5 сер-вис. Так как они со-зда-ют-ся имен-но для сто-
 []


Underfull \hbox (badness 4242) in paragraph at lines 52--52
\T2A/cmr/m/n/5 рон-не-го ис-поль-зо-ва-ния, то ре-ко-мен-ду-ет-ся все-гда
 []


Underfull \hbox (badness 10000) in paragraph at lines 52--52
\T2A/cmr/m/n/5 2.  Под-хо-ды: Ме-тод би-на с ан-но-та-ци-ей
 []


Underfull \hbox (badness 10000) in paragraph at lines 52--52
\T2A/cmr/m/n/5 @PostConstruct, не поз-во-ля-ет вво-дить па-ра-мет-
 []


Underfull \hbox (badness 10000) in paragraph at lines 52--52
\T2A/cmr/m/n/5 ры; Ме-тод afterPropertiesSet() би-на ре-а-ли-зу-
 []


Underfull \hbox (badness 10000) in paragraph at lines 52--52
\T2A/cmr/m/n/5 ю-ще-го ин-тер-фейс InitializingBean; @Bean(init-
 []


Underfull \hbox (badness 5475) in paragraph at lines 52--52
\T2A/cmr/m/n/5 вход-ных па-ра-мет-ров. В xml-конфигурации мож-
 []


Underfull \hbox (badness 1342) in paragraph at lines 52--52
\T2A/cmr/m/n/5 но уста-но-вить для всех би-нов сра-зу, с по-мо-щью
 []


Underfull \hbox (badness 6396) in paragraph at lines 52--52
\T2A/cmr/m/n/5 default-init-method. Мо-гут быть ис-поль-зо-ва-ны в
 []


Underfull \hbox (badness 3872) in paragraph at lines 52--52
\T2A/cmr/m/n/5 ApplicationListener поз-во-ля-ет про-слу-ши-вать стан-
 []


Underfull \hbox (badness 2065) in paragraph at lines 85--85
\T2A/cmr/m/n/5 по-лу-ча-ет за-прос, он на ос-но-ва-нии кон-фи-гу-ра-ции
 []


Underfull \hbox (badness 3209) in paragraph at lines 85--85
\T2A/cmr/m/n/5 за-прос. Этот mapping - ме-ха-низм, поз-во-ля-ю-щий
 []


Underfull \hbox (badness 1117) in paragraph at lines 85--85
\T2A/cmr/m/n/5 React ком-по-нен-ты. function warningButton(){return
 []


Underfull \hbox (badness 10000) in paragraph at lines 85--85
\T2A/cmr/m/n/5 <CustomButton color="кровиВТшников"/>}; JSX
 []


Underfull \hbox (badness 10000) in paragraph at lines 85--85
\T2A/cmr/m/n/5 код: <div className=^^Qfoo^^Q>text</div> ком-пи-ли-
 []


Underfull \hbox (badness 2435) in paragraph at lines 101--101
[]\T2A/cmr/m/n/5 1.  1 спо-соб: JavaScript API - jsf.ajax.request();
 []


Underfull \hbox (badness 4084) in paragraph at lines 101--101
\T2A/cmr/m/n/5 запрос ; execute - ком-по-нен-ты, об-ра-ба-ты-ва-е-мые
 []


Underfull \hbox (badness 10000) in paragraph at lines 101--101
\T2A/cmr/m/n/5 в цик-ле об-ра-бот-ки за-про-са ; render - пе-ре-
 []


Underfull \hbox (badness 10000) in paragraph at lines 101--101
\T2A/cmr/m/n/5 ри-со-вы-ва-е-мые ком-по-нен-ты. <h:commandButton
 []


Overfull \hbox (9.57855pt too wide) in paragraph at lines 101--101
\T2A/cmr/m/n/5 id="submit"value="submit"onclick="jsf.ajax.request(this,
 []


Underfull \hbox (badness 10000) in paragraph at lines 101--101
\T2A/cmr/m/n/5 event, {execute: 'myinput', render:
 []


Underfull \hbox (badness 10000) in paragraph at lines 101--101
\T2A/cmr/m/n/5 'outtext'});/>. 2 спо-соб: <h:commandButton
 []


Underfull \hbox (badness 10000) in paragraph at lines 101--101
\T2A/cmr/m/n/5 id='submit', value='submit'> <f:ajax
 []


Overfull \hbox (5.78087pt too wide) in paragraph at lines 101--101
\T2A/cmr/m/n/5 execute="@form"render="msg"/></h:commandButton>
 []


Underfull \hbox (badness 10000) in paragraph at lines 101--101

 []


Underfull \hbox (badness 2213) in paragraph at lines 101--101
\T2A/cmr/m/n/5 2. Опре-де-ля-ет жиз-нен-ный цикл би-нов и их ви-
 []


Underfull \hbox (badness 3364) in paragraph at lines 101--101
\T2A/cmr/m/n/5 об-ра-бот-ки од-но-го HTTP-запроса и уни-что-жа-ет-ся
 []


Underfull \hbox (badness 4072) in paragraph at lines 101--101
\T2A/cmr/m/n/5 по-сле его за-вер-ше-ния; @ViewScoped - контекст-
 []


Underfull \hbox (badness 1303) in paragraph at lines 101--101
\T2A/cmr/m/n/5 сколь-ко поль-зо-ва-тель на-хо-дит-ся на стра-ни-це); из
 []


Underfull \hbox (badness 2418) in paragraph at lines 101--101
\T2A/cmr/m/n/5 JSF, но то-же ра-бо-та-ет; @SessionScoped - свя-зан
 []


Underfull \hbox (badness 6575) in paragraph at lines 101--101
\T2A/cmr/m/n/5 с HTTP-сессией поль-зо-ва-те-ля, cу-ще-ству-ет, по-ка
 []


Underfull \hbox (badness 1275) in paragraph at lines 101--101
\T2A/cmr/m/n/5 - Cвя-зан с опре-де-лен-ной бе-се-дой, ко-то-рая со-сто-
 []


Underfull \hbox (badness 10000) in paragraph at lines 101--101
\T2A/cmr/m/n/5 ит из по-сле-до-ва-тель-но-сти за-про-сов и от-ве-тов.
 []


Underfull \hbox (badness 2671) in paragraph at lines 101--101
\T2A/cmr/m/n/5 Об-ла-стью жиз-ни управ-ля-ет про-грам-мист. Управ-
 []


Underfull \hbox (badness 10000) in paragraph at lines 101--101
\T2A/cmr/m/n/5 ле-ние осу-ществ-ля-ет-ся че-рез инъ-ек-цию объ-ек-та
 []


Underfull \hbox (badness 8151) in paragraph at lines 101--101
\T2A/cmr/m/n/5 javax.enterprise.context.Conversation; @Dependent -
 []


Underfull \hbox (badness 2359) in paragraph at lines 117--117
\T2A/cmr/m/n/5 2.  Два спо-со-ба кон-фи-гу-ра-ции: xml ^^V уста-рев-
 []


Underfull \hbox (badness 2253) in paragraph at lines 142--142
[]\T2A/cmr/m/n/5 1.  Model ^^V би-ны, в ко-то-рых со-дер-жит-ся биз-
 []


Underfull \hbox (badness 3068) in paragraph at lines 142--142
\T2A/cmr/m/n/5 public class User {private String username;private
 []


Underfull \hbox (badness 2556) in paragraph at lines 142--142
\T2A/cmr/m/n/5 String email;} View ^^V xhtml шаб-лон в ко-то-ром
 []


Underfull \hbox (badness 10000) in paragraph at lines 142--142
\T2A/cmr/m/n/5 фор-ми-ру-ет-ся де-ре-во ком-по-нен-тов. Ком-по-нен-ты
 []


Underfull \hbox (badness 2065) in paragraph at lines 142--142
\T2A/cmr/m/n/5 мо-гут вза-и-мо-дей-ство-вать с би-на-ми, вы-зы-вать их
 []


Underfull \hbox (badness 10000) in paragraph at lines 142--142
\T2A/cmr/m/n/5 value="#{user.username}"/> <h:commandButton
 []


Overfull \hbox (6.25298pt too wide) in paragraph at lines 142--142
\T2A/cmr/m/n/5 value="Сохранить"action="#{userController.saveUser}" 
 []


Underfull \hbox (badness 6995) in paragraph at lines 142--142
\T2A/cmr/m/n/5 вор-ком. Это класс FacesServlet, ко-то-рый за-ни-
 []


Underfull \hbox (badness 10000) in paragraph at lines 142--142
\T2A/cmr/m/n/5 ма-ет-ся дис-пет-че-ри-за-ци-ей и управ-ле-ни-ем жиз-
 []


Underfull \hbox (badness 10000) in paragraph at lines 142--142
\T2A/cmr/m/n/5 нен-ным цик-лом. @ManagedBean@RequestScoped
 []


Underfull \hbox (badness 1831) in paragraph at lines 142--142
\T2A/cmr/m/n/5 - контекст-страница; @SessionScoped - кон-текст -
 []


Underfull \hbox (badness 10000) in paragraph at lines 142--142
\T2A/cmr/m/n/5 про-грам-мист. Управ-ле-ние осу-ществ-ля-ет-ся че-рез
 []


Underfull \hbox (badness 8038) in paragraph at lines 142--142
\T2A/cmr/m/n/5 Ис-поль-зу-ет-ся по умол-ча-нию. ЖЦ опре-де-ля-ет-ся
 []


Underfull \hbox (badness 2293) in paragraph at lines 142--142
\T2A/cmr/m/n/5 - ан-но-та-ция, ко-то-рая ис-поль-зу-ет-ся для со-зда-ния
 []


Underfull \hbox (badness 2735) in paragraph at lines 142--142
\T2A/cmr/m/n/5 точ-кой внед-ре-ния ста-вит-ся та-кая же ан-но-та-ция;
 []


Underfull \hbox (badness 5652) in paragraph at lines 170--170
\T2A/cmr/m/n/5 сим-во-ли-че-ское имя. Пре-об-ра-зо-ва-ни-ем сим-во-ли-че-
 []


Underfull \hbox (badness 10000) in paragraph at lines 170--170
\T2A/cmr/m/n/5 фейс org.springframework.web.servlet.ViewResolver.
 []


Underfull \hbox (badness 10000) in paragraph at lines 170--170
\T2A/cmr/m/n/5 В од-ном при-ло-же-нии мож-но ис-поль-зо-
 []


Underfull \hbox (badness 10000) in paragraph at lines 170--170
\T2A/cmr/m/n/5 вать несколь-ко ViewResolver'ов <bean
 []


Overfull \hbox (0.8168pt too wide) in paragraph at lines 170--170
\T2A/cmr/m/n/5 lverї <property name="viewClass"value="o.s.w.s.v.Jstl
 []


Underfull \hbox (badness 3250) in paragraph at lines 170--170
\T2A/cmr/m/n/5 - View"/> <property name="prefix"value="/WEB-
 []


Underfull \hbox (badness 3657) in paragraph at lines 170--170
\T2A/cmr/m/n/5 2.  Angular - на-пи-сан на TypeScript, раз-ви-тие
 []


Underfull \hbox (badness 4752) in paragraph at lines 170--170
\T2A/cmr/m/n/5 AngularJS осо-бен-но-сти: крос-сплат-фор-мен-ное; для
 []


Underfull \hbox (badness 1701) in paragraph at lines 170--170
\T2A/cmr/m/n/5 раз-ра-бот-ки на-до на-стро-ить сбо-роч-ное окру-же-ние;
 []


Underfull \hbox (badness 1231) in paragraph at lines 170--170
\T2A/cmr/m/n/5 при-ло-же-ние со-сто-ит из мо-ду-лей (NgModules); мо-
 []


Underfull \hbox (badness 1226) in paragraph at lines 170--170
\T2A/cmr/m/n/5 ду-ли обес-пе-чи-ва-ют кон-текст для ком-по-нен-тов; из
 []


Underfull \hbox (badness 2443) in paragraph at lines 170--170
\T2A/cmr/m/n/5 ком-по-нен-тов стро-ят-ся пред-став-ле-ния; ком-по-нен-ты
 []


Underfull \hbox (badness 3471) in paragraph at lines 170--170
\T2A/cmr/m/n/5 жест-кие рам-ки для ком-по-нен-тов; есть иерар-хия
 []


Underfull \hbox (badness 1097) in paragraph at lines 170--170
\T2A/cmr/m/n/5 ком-по-нен-тов; го-раз-до ме-нее без-опа-сен и управ-ля-
 []


Underfull \hbox (badness 10000) in paragraph at lines 222--222
[]\T2A/cmr/bx/n/5 1. Spring MVC: об-ра-бот-ка за-про-сов,
 []


Underfull \hbox (badness 2564) in paragraph at lines 222--222
\T2A/cmr/m/n/5 2.  Веб-приложение, ис-поль-зу-ю-щее един-ствен-ный
 []


Underfull \hbox (badness 1418) in paragraph at lines 282--282
\T2A/cmr/m/n/5 Validator. Ме-тод validate при-ни-ма-ет FacesContext,
 []


Underfull \hbox (badness 5490) in paragraph at lines 282--282
\T2A/cmr/m/n/5 UiComponent и зна-че-ние. Осу-ществ-ля-ет-ся пе-ред
 []


Underfull \hbox (badness 8113) in paragraph at lines 282--282
\T2A/cmr/m/n/5 зо-вы-вать ин-тер-фейс javax.faces.validator.Validator.
 []


Underfull \hbox (badness 1048) in paragraph at lines 282--282
\T2A/cmr/m/n/5 RegexValidator, RequiredValidator. Cоб-ствен-ные ва-
 []


Underfull \hbox (badness 2951) in paragraph at lines 282--282
\T2A/cmr/m/n/5 ли-да-то-ры c по-мо-щью ан-но-та-ции @FacesValidator.
 []


Underfull \hbox (badness 1184) in paragraph at lines 282--282
\T2A/cmr/m/n/5 Со-зда-ние: па-ра-мет-ры ком-по-нен-та, вло-жен-ный тег,
 []


Underfull \hbox (badness 10000) in paragraph at lines 282--282
\T2A/cmr/m/n/5 <f:validatorvalidatorId=^^Qcom.example.MyValidator^^Q/>,
 []


Underfull \hbox (badness 4229) in paragraph at lines 282--282
\T2A/cmr/m/n/5 2.  Пе-ре-хва-ты-ва-ет вхо-дя-щие за-про-сы, упа-ко-вы-
 []


Underfull \hbox (badness 2626) in paragraph at lines 282--282
\T2A/cmr/m/n/5 ва-ет дан-ные в нуж-ный фор-мат, от-прав-ля-ет эти
 []


Underfull \hbox (badness 4569) in paragraph at lines 282--282
\T2A/cmr/m/n/5 дан-ные нуж-ной мо-де-ли, а за-тем от-вет от мо-
 []


Underfull \hbox (badness 7777) in paragraph at lines 282--282
\T2A/cmr/m/n/5 де-ли пе-ре-дать об-рат-но в DispatcherServlet. На
 []


Underfull \hbox (badness 10000) in paragraph at lines 282--282
\T2A/cmr/m/n/5 ме-то-ды кон-трол-ле-ра ле-пят-ся раз-ные ан-но-та-
 []


Underfull \hbox (badness 10000) in paragraph at lines 282--282
\T2A/cmr/m/n/5 ции(@GetMapping, @PostMapping, @PathVariable.
 []


Underfull \hbox (badness 10000) in paragraph at lines 282--282
\T2A/cmr/m/n/5 @ResourcesVarible). @Controller $\OMS/cmsy/m/n/5 @$ \T2A/cmr/m/n/5 public class
 []


Underfull \hbox (badness 10000) in paragraph at lines 282--282
\T2A/cmr/m/n/5 HelloController { $\OMS/cmsy/m/n/5 @$ \T2A/cmr/m/n/5 @RequestMapping(value
 []


Underfull \hbox (badness 10000) in paragraph at lines 282--282
\T2A/cmr/m/n/5 = "/hello method = RequestMethod.GET)$\OMS/cmsy/m/n/5 @$
 []


Underfull \hbox (badness 10000) in paragraph at lines 282--282
\T2A/cmr/m/n/5 public String printHello(ModelMap model) {$\OMS/cmsy/m/n/5 @$
 []


Underfull \hbox (badness 10000) in paragraph at lines 282--282
\T2A/cmr/m/n/5 model.addAttribute("message "Hello Spring MVC
 []


Underfull \hbox (badness 1701) in paragraph at lines 303--303
\T2A/cmr/bx/n/5 2. Spring Framework. От-ли-чия и сход-ства с
 []


Underfull \hbox (badness 10000) in paragraph at lines 358--358
[]\T2A/cmr/m/n/5 1.  Осо-бен-но-сти: Компонентно-ориентированная
 []


Underfull \hbox (badness 4303) in paragraph at lines 358--358
\T2A/cmr/m/n/5 струк-ту-ра. Ин-тер-фейс стро-ит-ся из ком-по-нен-тов,
 []


Underfull \hbox (badness 7238) in paragraph at lines 358--358
\T2A/cmr/m/n/5 ис-поль-зу-ют-ся JSP или XML-шаблоны (facelets).
 []


Underfull \hbox (badness 2418) in paragraph at lines 358--358
\T2A/cmr/m/n/5 Биз-нес ло-ги-ка вы-но-сит-ся в Java би-ны. На-пи-сан
 []


Underfull \hbox (badness 1248) in paragraph at lines 358--358
\T2A/cmr/m/n/5 ства: раз-де-ле-ние биз-нес ло-ги-ки от пред-став-ле-ния
 []


Underfull \hbox (badness 3930) in paragraph at lines 358--358
\T2A/cmr/m/n/5 (ре-а-ли-зу-ет MVC); Управ-ле-ние об-ме-ном дан-ны-ми
 []


Underfull \hbox (badness 1281) in paragraph at lines 358--358
\T2A/cmr/m/n/5 на-бо-ры ком-по-нент, мож-но опре-де-лять свои); под-
 []


Underfull \hbox (badness 1748) in paragraph at lines 373--373
[]\T2A/cmr/m/n/5 1.  Ин-тер-фей-сы веб при-ло-же-ний на JSF опи-сы-
 []


Underfull \hbox (badness 2103) in paragraph at lines 373--373
\T2A/cmr/m/n/5 ва-ют-ся в XHTML фай-лах. Там мо-гут быть как
 []


Underfull \hbox (badness 1874) in paragraph at lines 373--373
\T2A/cmr/m/n/5 JSF ком-по-нен-ты. Ком-по-нен-ты ^^V это клас-сы на-
 []


Underfull \hbox (badness 3826) in paragraph at lines 373--373
\T2A/cmr/m/n/5 след-ни-ки UIComponent, об-ра-зу-ют иерар-хию. Ко-
 []


Underfull \hbox (badness 1173) in paragraph at lines 400--400
\T2A/cmr/m/n/5 - кон-текст - сес-сия; ApplicationScoped - кон-текст
 []


Underfull \hbox (badness 1122) in paragraph at lines 415--415
\T2A/cmr/m/n/5 ан-но-та-ции, ли-бо че-рез faces-config.xml: <managed-
 []


Underfull \hbox (badness 10000) in paragraph at lines 415--415
\T2A/cmr/m/n/5 bean-scope>application</managed-bean-scope>.
 []


Underfull \hbox (badness 1874) in paragraph at lines 415--415
\T2A/cmr/m/n/5 NoneScoped - кон-текст не опре-де-лјн, жиз-нен-ным
 []


Underfull \hbox (badness 4366) in paragraph at lines 415--415
\T2A/cmr/m/n/5 цик-лом управ-ля-ют дру-гие би-ны; по умол-ча-нию
 []


Underfull \hbox (badness 1668) in paragraph at lines 415--415
\T2A/cmr/m/n/5 RequestScoped - кон-текст - за-прос; ViewScoped -
 []


Underfull \hbox (badness 1968) in paragraph at lines 415--415
\T2A/cmr/m/n/5 со-зда-ет-ся и со-хра-ня-ет-ся в кол-лек-ции ти-па Map.
 []


Underfull \hbox (badness 1043) in paragraph at lines 435--435
\T2A/cmr/m/n/5 ан-но-та-цию @PathVariable, па-ра-мет-ры GET-запроса
 []


Underfull \hbox (badness 1303) in paragraph at lines 452--452
[]\T2A/cmr/m/n/5 1.  FacesServlet ^^V глав-ный сервлет, ко-то-рый за-
 []


Underfull \hbox (badness 2318) in paragraph at lines 452--452
\T2A/cmr/m/n/5 ни-ма-ет-ся жиз-нен-ным цик-лом об-ра-бот-ки за-про-сов
 []


Underfull \hbox (badness 1454) in paragraph at lines 452--452
\T2A/cmr/m/n/5 MVVM и яв-ля-ет-ся компонентно-ориентированным.
 []


Underfull \hbox (badness 5064) in paragraph at lines 476--476
[]\T2A/cmr/m/n/5 1.  Клас-сы, ре-а-ли-зу-ю-щие ин-тер-фейс Converter.
 []


Underfull \hbox (badness 1286) in paragraph at lines 476--476
\T2A/cmr/m/n/5 Ис-поль-зу-ют-ся для пре-об-ра-зо-ва-ния дан-ных ком-по-
 []


Underfull \hbox (badness 1226) in paragraph at lines 476--476
\T2A/cmr/m/n/5 нен-та в за-дан-ный фор-мат (да-та, чис-ло и т. д.).
 []


Underfull \hbox (badness 3364) in paragraph at lines 476--476
\T2A/cmr/m/n/5 Су-ще-ству-ют стан-дарт-ные кон-вер-те-ры для ос-нов-
 []


Underfull \hbox (badness 5022) in paragraph at lines 476--476
\T2A/cmr/m/n/5 Мож-но со-зда-вать соб-ствен-ные кон-вер-те-ры. Что-
 []


Underfull \hbox (badness 10000) in paragraph at lines 476--476
\T2A/cmr/m/n/5 бы за-ре-ги-стри-ро-вать свой кон-вер-тер, необ-хо-ди-
 []


Underfull \hbox (badness 7704) in paragraph at lines 476--476
\T2A/cmr/m/n/5 мо про-пи-сать его в faces-config.xml ли-бо вос-
 []


Underfull \hbox (badness 10000) in paragraph at lines 476--476
\T2A/cmr/m/n/5 поль-зо-вать-ся ан-но-та-ци-ей FacesConverter. На-
 []


Underfull \hbox (badness 4378) in paragraph at lines 476--476
\T2A/cmr/m/n/5 зна-че-ние в JSF: ав-то-ма-ти-че-ское(на ос-но-ве ти-па
 []


Underfull \hbox (badness 10000) in paragraph at lines 476--476
\T2A/cmr/m/n/5 дан-ных) <h:inputText value="#{user.age}"/>
 []


Underfull \hbox (badness 10000) in paragraph at lines 476--476
\T2A/cmr/m/n/5 ; с по-мо-щью ат-ри-бу-та converter: <h:inputText
 []


Underfull \hbox (badness 10000) in paragraph at lines 476--476
\T2A/cmr/m/n/5 converter="#{javax.faces.DateTime}"/> ; с
 []


Underfull \hbox (badness 10000) in paragraph at lines 476--476
\T2A/cmr/m/n/5 по-мо-щью вло-жен-но-го те-га: <h:outputText
 []


Underfull \hbox (badness 10000) in paragraph at lines 476--476
\T2A/cmr/m/n/5 value="#{user.birthDay}ї <f:converter
 []


Underfull \hbox (badness 10000) in paragraph at lines 476--476
\T2A/cmr/m/n/5 converterId="#{javax.faces.DateTime}"/>
 []


Underfull \hbox (badness 4328) in paragraph at lines 476--476
\T2A/cmr/m/n/5 Че-рез мо-дель пред-став-ле-ние по-лу-ча-ет до-ступ к
 []


Underfull \hbox (badness 7851) in paragraph at lines 476--476
\T2A/cmr/m/n/5 Су-ще-ству-ет ан-но-та-ция @ModelAttribute, ко-то-рая
 []


Underfull \hbox (badness 2418) in paragraph at lines 476--476
\T2A/cmr/m/n/5 поз-во-ля-ет за-дать в кон-трол-ле-ре ме-тод, за-пол-ня-
 []


Underfull \hbox (badness 3333) in paragraph at lines 476--476
\T2A/cmr/m/n/5 ю-щий мо-дель ат-ри-бу-та-ми, ко-то-рые по-том бу-дут
 []


Underfull \hbox (badness 1609) in paragraph at lines 476--476
\T2A/cmr/m/n/5 в мо-дель. В об-щем слу-чае, ре-а-ли-зу-ет ин-тер-фейс
 []


Underfull \hbox (badness 6001) in paragraph at lines 513--513
\T2A/cmr/m/n/5 шаб-ло-нов. Шаб-ло-ны по-хо-жи на обыч-ный html,
 []


Underfull \hbox (badness 1320) in paragraph at lines 513--513
\T2A/cmr/m/n/5 ний, ко-то-рая со-дер-жит встро-ен-ные пред-став-ле-ния
 []


Underfull \hbox (badness 1173) in paragraph at lines 513--513
\T2A/cmr/m/n/5 из дру-гих ком-по-нен-тов. Под-дер-жи-ва-ет-ся ин-тер-по-
 []


Underfull \hbox (badness 2922) in paragraph at lines 513--513
\T2A/cmr/m/n/5 по-нент на-пря-мую про-сит у кон-тей-не-ра пе-ре-дать
 []


Underfull \hbox (badness 3849) in paragraph at lines 513--513
\T2A/cmr/m/n/5 ему за-ви-си-мость. Про-ти-во-по-став-ля-ет-ся DI, ко-то-
 []


Underfull \hbox (badness 1048) in paragraph at lines 513--513
\T2A/cmr/m/n/5 рый про-ис-хо-дит ав-то-ма-ти-че-ски. Не ре-ко-мен-ду-ет-ся
 []


Underfull \hbox (badness 3168) in paragraph at lines 513--513
\T2A/cmr/m/n/5 к ис-поль-зо-ва-нию, но необ-хо-ди-мо ко-гда DI да-ет
 []


Underfull \hbox (badness 1424) in paragraph at lines 513--513
\T2A/cmr/m/n/5 же-ния (на-при-мер ClassPathXmlApplicationContext).
 []


Underfull \hbox (badness 10000) in paragraph at lines 513--513
\T2A/cmr/m/n/5 За-тем: context.getBean(^^Pname^^Q) ^^V вер-нет нуж-
 []


Underfull \hbox (badness 10000) in paragraph at lines 513--513
\T2A/cmr/m/n/5 ный бин. Так-же мож-но ука-зать кон-крет-ный
 []


Underfull \hbox (badness 10000) in paragraph at lines 513--513
\T2A/cmr/m/n/5 класс или ин-тер-фейс: context.getBean(^^Pname^^Q,
 []


Underfull \hbox (badness 10000) in paragraph at lines 513--513
\T2A/cmr/m/n/5 MyBean.class). ApplicationContext appContext =
 []


Underfull \hbox (badness 10000) in paragraph at lines 513--513
\T2A/cmr/m/n/5 new ClassPathXmlApplicationContext(^^P/application-
 []


Underfull \hbox (badness 10000) in paragraph at lines 513--513
\T2A/cmr/m/n/5 context.xml^^Q); MyBean bean =
 []


Underfull \hbox (badness 2253) in paragraph at lines 546--546
\T2A/cmr/m/n/5 за-ре-ги-стри-ро-ван-ные в ком-по-нен-тах в де-ре-ве, ис-
 []


Underfull \hbox (badness 1259) in paragraph at lines 546--546
\T2A/cmr/m/n/5 каль-ным зна-че-ни-ем, хра-ня-щим-ся для ком-по-нен-та.
 []


Underfull \hbox (badness 4366) in paragraph at lines 546--546
\T2A/cmr/m/n/5 Ес-ли зна-че-ние ком-по-нен-та не про-хо-дит ва-ли-да-
 []


Underfull \hbox (badness 1490) in paragraph at lines 546--546
\T2A/cmr/m/n/5 цию, фор-ми-ру-ет-ся со-об-ще-ние об ошиб-ке, ко-то-рое
 []


Underfull \hbox (badness 1655) in paragraph at lines 546--546
\T2A/cmr/m/n/5 со-хра-ня-ет-ся в FacesContext. Update Model Values
 []


Underfull \hbox (badness 3838) in paragraph at lines 546--546
\T2A/cmr/m/n/5 Phase: Ре-а-ли-за-ция JavaServer Faces уста-нав-ли-ва-
 []


Underfull \hbox (badness 1609) in paragraph at lines 546--546
\T2A/cmr/m/n/5 ет со-от-вет-ству-ю-щие свой-ства объ-ек-та на сто-роне
 []


Underfull \hbox (badness 1655) in paragraph at lines 546--546
\T2A/cmr/m/n/5 сер-ве-ра для ло-каль-ных зна-че-ний ком-по-нен-тов. В
 []


Underfull \hbox (badness 1990) in paragraph at lines 546--546
\T2A/cmr/m/n/5 этот мо-мент, ес-ли при-ло-же-нию необ-хо-ди-мо пе-ре-
 []


Underfull \hbox (badness 1748) in paragraph at lines 546--546
\T2A/cmr/m/n/5 на-пра-вить на дру-гой ре-сурс веб-приложения или
 []


Underfull \hbox (badness 1565) in paragraph at lines 546--546
\T2A/cmr/m/n/5 2.  1. Кон-фи-гу-ра-ция, на-пи-сан-ная на xml или в
 []


Underfull \hbox (badness 1708) in paragraph at lines 546--546
\T2A/cmr/m/n/5 ви-де Java ко-да, по-па-да-ет в BeanDefinitionReader,
 []


Underfull \hbox (badness 1377) in paragraph at lines 546--546
\T2A/cmr/m/n/5 ка-ким об-ра-зом сприн-гу со-зда-вать би-ны, как бин
 []


Underfull \hbox (badness 5105) in paragraph at lines 546--546
\T2A/cmr/m/n/5 опре-де-лен, ка-кие за-ви-си-мо-сти в се-бе со-дер-жит,
 []


Underfull \hbox (badness 1881) in paragraph at lines 546--546
\T2A/cmr/m/n/5 то он в кон-вей-е-ре бу-дет об-ра-бо-тан сра-зу, бу-дет
 []


Underfull \hbox (badness 1242) in paragraph at lines 546--546
\T2A/cmr/m/n/5 ес-ли мы его опре-де-ли-ли. 5. Уста-нав-ли-ва-ют-ся си-
 []


Underfull \hbox (badness 1325) in paragraph at lines 546--546
\T2A/cmr/m/n/5 стем-ные пе-ре-мен-ные, property для то-го, что-бы в
 []


Underfull \hbox (badness 1092) in paragraph at lines 546--546
\T2A/cmr/m/n/5 даль-ней-шем пра-виль-но со-здать би-ны. Жиз-нен-ный
 []


Underfull \hbox (badness 6252) in paragraph at lines 546--546
\T2A/cmr/m/n/5 кон-фи-гу-ра-ции би-на, внед-ре-ние за-ви-си-мо-стей; 3.
 []


Underfull \hbox (badness 1142) in paragraph at lines 546--546
\T2A/cmr/m/n/5 Но-ти-фи-ка-ция aware-интерфейсов. Об-нов-ле-ние кон-
 []


Underfull \hbox (badness 10000) in paragraph at lines 546--546
\T2A/cmr/m/n/5 ^^U ме-тод postProcessBeforeInitialization() ин-
 []


Underfull \hbox (badness 10000) in paragraph at lines 546--546
\T2A/cmr/m/n/5 тер-фей-са BeanPostProcessor; 5. Ини-ци-а-ли-за-
 []


Underfull \hbox (badness 7869) in paragraph at lines 546--546
\T2A/cmr/m/n/5 ция. Ме-тод би-на с ан-но-та-ци-ей @PostConstruct
 []


Underfull \hbox (badness 10000) in paragraph at lines 546--546
\T2A/cmr/m/n/5 из стан-дар-та; Ме-тод afterPropertiesSet() би-
 []


Underfull \hbox (badness 10000) in paragraph at lines 546--546
\T2A/cmr/m/n/5 на; Init-метод. 6. Пост-инициализация ^^U ме-
 []


Underfull \hbox (badness 10000) in paragraph at lines 546--546
\T2A/cmr/m/n/5 тод postProcessAfterInitialization() ин-тер-фей-са
 []


Underfull \hbox (badness 1466) in paragraph at lines 546--546
\T2A/cmr/m/n/5 та-ци-ей @PreDestroy; 2. Ме-тод с име-нем, ко-то-рое
 []


Underfull \hbox (badness 1342) in paragraph at lines 571--571
\T2A/cmr/m/n/5 за-ни-ма-ю-щий-ся жиз-нен-ным цик-лом ком-по-нен-тов и
 []


Underfull \hbox (badness 1270) in paragraph at lines 589--589
[]\T2A/cmr/m/n/5 1.  Stereotype ^^V ан-но-та-ция, вклю-ча-ю-щая в се-бя
 []

[1

{/usr/local/texlive/2023/texmf-var/fonts/map/pdftex/updmap/pdftex.map}{/usr/local/texlive/2023/texmf-dist/fonts/enc/dvips/cm-super/cm-super-t2a.enc}] [2] [3]

Package caption Warning: Unused \captionsetup[sub] on input line 19.
See the caption package documentation for explanation.

[4] [5] (./main.aux) ) 
Here is how much of TeX's memory you used:
 28298 strings out of 476047
 692224 string characters out of 5790247
 1970248 words of memory out of 5000000
 48303 multiletter control sequences out of 15000+600000
 517216 words of font info for 44 fonts, out of 8000000 for 9000
 1141 hyphenation exceptions out of 8191
 99i,5n,103p,965b,609s stack positions out of 10000i,1000n,20000p,200000b,200000s
</usr/local/texlive/2023/texmf-dist/fonts/type1/public/amsfonts/cm/cmsy5.pfb></usr/local/texlive/2023/texmf-dist/fonts/type1/public/cm-super/sfbx0500.pfb></usr/local/texlive/2023/texmf-dist/fonts/type1/public/cm-super/sfrm0500.pfb></usr/local/texlive/2023/texmf-dist/fonts/type1/public/cm-super/sfrm0700.pfb></usr/local/texlive/2023/texmf-dist/fonts/type1/public/cm-super/sfrm1000.pfb>
Output written on main.pdf (5 pages, 185164 bytes).
PDF statistics:
 49 PDF objects out of 1000 (max. 8388607)
 31 compressed objects within 1 object stream
 0 named destinations out of 1000 (max. 500000)
 13 words of extra memory for PDF output out of 10000 (max. 10000000)

