\BOOKMARK [1][-]{section.1}{\376\377\004\037\004\065\004\100\004\065\004\077\004\070\004\101\004\114}{}% 1
\BOOKMARK [2][-]{subsection.1.1}{\376\377\004\041\004\060\004\075\004\102\004\060\000-\004\072\004\073\004\060\004\103\004\101}{section.1}% 2
\BOOKMARK [3][-]{subsubsection.1.1.1}{\376\377\004\034\004\076\004\064\004\065\004\073\004\114\000\040\004\102\004\100\004\065\004\061\004\076\004\062\004\060\004\075\004\070\004\071\000\040\000F\000U\000R\000P\000S\000+}{subsection.1.1}% 3
\BOOKMARK [3][-]{subsubsection.1.1.2}{\376\377\000U\000s\000e\000-\000c\000a\000s\000e\000\040\004\064\004\070\004\060\004\063\004\100\004\060\004\074\004\074\004\060}{subsection.1.1}% 4
\BOOKMARK [3][-]{subsubsection.1.1.3}{\376\377\004\024\004\076\004\074\004\065\004\075\004\075\004\060\004\117\000\040\004\074\004\076\004\064\004\065\004\073\004\114}{subsection.1.1}% 5
\BOOKMARK [2][-]{subsection.1.2}{\376\377\000D\000i\000s\000c\000i\000p\000l\000i\000n\000e\000d\000\040\000A\000g\000i\000l\000e\000\040\000D\000e\000l\000i\000v\000e\000r\000y\000,\000\040\000+\000,\000\040\000-}{section.1}% 6
\BOOKMARK [3][-]{subsubsection.1.2.1}{\376\377\000D\000i\000s\000c\000i\000p\000l\000i\000n\000e\000d\000\040\000A\000g\000i\000l\000e\000\040\000D\000e\000l\000i\000v\000e\000r\000y}{subsection.1.2}% 7
\BOOKMARK [3][-]{subsubsection.1.2.2}{\376\377\000+}{subsection.1.2}% 8
\BOOKMARK [3][-]{subsubsection.1.2.3}{\376\377\000-}{subsection.1.2}% 9
\BOOKMARK [2][-]{subsection.1.3}{\376\377\004\055\004\073\004\114\004\104\004\113\000\040\004\070\000\040\004\102\004\065\004\101\004\102\004\076\004\062\004\076\004\065\000\040\004\077\004\076\004\072\004\100\004\113\004\102\004\070\004\065}{section.1}% 10
\BOOKMARK [1][-]{section.2}{\376\377\004\040\004\103\004\061\004\065\004\066}{}% 11
\BOOKMARK [2][-]{subsection.2.1}{\376\377\000U\000s\000e\000-\000C\000a\000s\000e}{section.2}% 12
\BOOKMARK [2][-]{subsection.2.2}{\376\377\004\034\004\076\004\064\004\065\004\073\004\114\000\040\004\040\004\076\004\071\004\101\004\060}{section.2}% 13
\BOOKMARK [2][-]{subsection.2.3}{\376\377\004\042\004\065\004\101\004\102\004\076\004\062\004\076\004\065\000\040\004\077\004\076\004\072\004\100\004\113\004\102\004\070\004\065\000\040\004\101\000\040\004\070\004\101\004\077\004\076\004\073\004\114\004\067\004\076\004\062\004\060\004\075\004\070\004\065\004\074\000\040\004\060\004\075\004\060\004\073\004\070\004\067\004\060\000\040\004\115\004\072\004\062\004\070\004\062\004\060\004\073\004\065\004\102\004\075\004\076\004\101\004\102\004\070}{section.2}% 14
\BOOKMARK [2][-]{subsection.2.4}{\376\377\004\040\004\065\004\101\004\103\004\100\004\101\004\075\004\113\004\065\000\040\004\100\004\070\004\101\004\072\004\070}{section.2}% 15
\BOOKMARK [2][-]{subsection.2.5}{\376\377\004\042\004\076\004\077\000\040\000-\000\040\0003\000\040\004\100\004\070\004\101\004\072\004\076\004\062\000\040\004\077\004\076\000\040\004\115\004\072\004\101\004\077\004\076\004\067\004\070\004\106\004\070\004\070}{section.2}% 16
\BOOKMARK [2][-]{subsection.2.6}{\376\377\000G\000i\000t\000\040\000p\000u\000l\000l}{section.2}% 17
\BOOKMARK [2][-]{subsection.2.7}{\376\377\000G\000i\000t\000\040\004\101\000o\000m\000m\000i\000t}{section.2}% 18
\BOOKMARK [2][-]{subsection.2.8}{\376\377\004\032\004\073\004\060\004\101\004\101\004\070\004\104\004\070\004\072\004\060\004\106\004\070\004\117\000\040\004\077\004\100\004\076\004\061\004\073\004\065\004\074\004\075\004\113\004\105\000\040\004\101\004\070\004\102\004\103\004\060\004\106\004\070\004\071}{section.2}% 19
\BOOKMARK [2][-]{subsection.2.9}{\376\377\004\041\004\072\004\100\004\070\004\077\004\102\000\040\004\101\004\061\004\076\004\100\004\072\004\070\000\040\000G\000r\000a\000d\000l\000e}{section.2}% 20
\BOOKMARK [2][-]{subsection.2.10}{\376\377\004\042\004\065\004\101\004\102\004\076\004\062\004\076\004\065\000\040\004\077\004\076\004\072\004\100\004\113\004\102\004\070\004\065}{section.2}% 21
\BOOKMARK [2][-]{subsection.2.11}{\376\377\004\037\004\100\004\076\004\101\004\102\004\076\004\071\000\040\004\101\004\070\004\101\004\102\004\065\004\074\004\113}{section.2}% 22
\BOOKMARK [2][-]{subsection.2.12}{\376\377\004\041\004\072\004\076\004\100\004\076\004\101\004\102\004\114\000\040\004\100\004\060\004\061\004\076\004\102\004\113\000\040\004\101\004\070\004\101\004\102\004\065\004\074\004\113}{section.2}% 23
\BOOKMARK [1][-]{section.3}{\376\377\004\040\004\103\004\061\004\065\004\066}{}% 24
\BOOKMARK [2][-]{subsection.3.1}{\376\377\004\024\004\076\004\074\004\065\004\075\004\075\004\060\004\117\000\040\004\074\004\076\004\064\004\065\004\073\004\114}{section.3}% 25
\BOOKMARK [2][-]{subsection.3.2}{\376\377\004\047\004\065\004\074\004\103\000\040\004\103\004\064\004\065\004\073\004\117\004\073\004\076\004\101\004\114\000\040\004\062\004\075\004\070\004\074\004\060\004\075\004\070\004\065\000\040\004\062\000\040\004\101\004\077\004\070\004\100\004\060\004\073\004\114\004\075\004\076\004\071\000\040\004\074\004\076\004\064\004\065\004\073\004\070}{section.3}% 26
\BOOKMARK [1][-]{section.4}{\376\377\004\042\004\065\004\100\004\074\004\070\004\075\004\113}{}% 27
\BOOKMARK [2][-]{subsection.4.1}{\376\377\004\034\004\076\004\064\004\065\004\073\004\114\000\040\004\102\004\100\004\065\004\061\004\076\004\062\004\060\004\075\004\070\004\071\000\040\000F\000U\000R\000P\000S\000+}{section.4}% 28
\BOOKMARK [2][-]{subsection.4.2}{\376\377\004\024\004\076\004\074\004\065\004\075\004\075\004\060\004\117\000\040\004\074\004\076\004\064\004\065\004\073\004\114}{section.4}% 29
\BOOKMARK [2][-]{subsection.4.3}{\376\377\004\040\004\070\004\101\004\072\004\070}{section.4}% 30
\BOOKMARK [2][-]{subsection.4.4}{\376\377\000G\000i\000t\000\040\000r\000u\000l\000e\000s}{section.4}% 31
\BOOKMARK [3][-]{subsubsection.4.4.1}{\376\377\004\036\004\077\004\100\004\065\004\064\004\065\004\073\004\065\004\075\004\070\004\065}{subsection.4.4}% 32
\BOOKMARK [3][-]{subsubsection.4.4.2}{\376\377\000C\000o\000m\000m\000a\000n\000d\000s}{subsection.4.4}% 33
\BOOKMARK [2][-]{subsection.4.5}{\376\377\000S\000V\000N\000\040\000r\000u\000l\000e\000s}{section.4}% 34
\BOOKMARK [3][-]{subsubsection.4.5.1}{\376\377\004\036\004\077\004\100\004\065\004\064\004\065\004\073\004\065\004\075\004\070\004\065}{subsection.4.5}% 35
\BOOKMARK [3][-]{subsubsection.4.5.2}{\376\377\004\036\004\101\004\075\004\076\004\062\004\075\004\076\004\071\000\040\004\106\004\070\004\072\004\073\000\040\004\100\004\060\004\067\004\100\004\060\004\061\004\076\004\102\004\107\004\070\004\072\004\060}{subsection.4.5}% 36
\BOOKMARK [2][-]{subsection.4.6}{\376\377\004\032\004\073\004\060\004\101\004\101\004\070\004\104\004\070\004\072\004\060\004\106\004\070\004\117\000\040\004\077\004\100\004\076\004\061\004\073\004\065\004\074\004\075\004\113\004\105\000\040\004\101\004\070\004\102\004\103\004\060\004\106\004\070\004\071}{section.4}% 37
\BOOKMARK [2][-]{subsection.4.7}{\376\377\000U\000s\000e\000-\000C\000a\000s\000e}{section.4}% 38
\BOOKMARK [2][-]{subsection.4.8}{\376\377\004\034\004\065\004\102\004\076\004\064\004\076\004\073\004\076\004\063\004\070\004\070\000\040\004\100\004\060\004\067\004\100\004\060\004\061\004\076\004\102\004\072\004\070}{section.4}% 39
\BOOKMARK [3][-]{subsubsection.4.8.1}{\376\377\004\022\004\076\004\064\004\076\004\077\004\060\004\064\004\075\004\060\004\117\000\040\000\050\004\032\004\060\004\101\004\072\004\060\004\064\004\075\004\060\004\117\000\051}{subsection.4.8}% 40
\BOOKMARK [3][-]{subsubsection.4.8.2}{\376\377\004\034\004\065\004\102\004\076\004\064\004\076\004\073\004\076\004\063\004\070\004\117\000\040\004\040\004\076\004\071\004\101\004\060}{subsection.4.8}% 41
\BOOKMARK [3][-]{subsubsection.4.8.3}{\376\377\004\042\004\100\004\060\004\064\004\070\004\106\004\070\004\076\004\075\004\075\004\060\004\117\000\040\000V\000-\000c\000h\000a\000r\000t\000\040\000m\000o\000d\000e\000l\000\040\0001\0009\0007\0007}{subsection.4.8}% 42
\BOOKMARK [3][-]{subsubsection.4.8.4}{\376\377\004\034\004\075\004\076\004\063\004\076\004\077\004\100\004\076\004\105\004\076\004\064\004\075\004\060\004\117\000\040\004\074\004\076\004\064\004\065\004\073\004\114}{subsection.4.8}% 43
\BOOKMARK [3][-]{subsubsection.4.8.5}{\376\377\004\034\004\076\004\064\004\065\004\073\004\114\000\040\004\077\004\100\004\076\004\102\004\076\004\102\004\070\004\077\004\070\004\100\004\076\004\062\004\060\004\075\004\070\004\117}{subsection.4.8}% 44
\BOOKMARK [3][-]{subsubsection.4.8.6}{\376\377\000S\000p\000i\000r\000a\000l\000\040\000m\000o\000d\000e\000l}{subsection.4.8}% 45
\BOOKMARK [3][-]{subsubsection.4.8.7}{\376\377\000R\000A\000D\000\040\004\074\004\065\004\102\004\076\004\064\004\076\004\073\004\076\004\063\004\070\004\117}{subsection.4.8}% 46
\BOOKMARK [3][-]{subsubsection.4.8.8}{\376\377\000*\000U\000P\000\040\004\074\004\065\004\102\004\076\004\064\004\076\004\073\004\076\004\063\004\070\004\070}{subsection.4.8}% 47
